<?xml version="1.0" encoding="UTF-8"?>
<!-- Generated by org.testng.reporters.JUnitReportReporter -->
<testsuite skipped="0" hostname="D7J6C573" name="com.tollplus.Test.TestClass" tests="1" failures="0" timestamp="2023-07-11T16:59:11 IST" time="15.496" errors="0">
  <testcase name="createAccountRunner" time="15.496" classname="com.tollplus.Test.TestClass"/>
  <system-out/>
</testsuite> <!-- com.tollplus.Test.TestClass -->
