<?xml version="1.0" encoding="UTF-8"?>
<!-- Generated by org.testng.reporters.JUnitReportReporter -->
<testsuite skipped="0" hostname="D7J6C573" name="com.tollplus.Learning.SimpleService" tests="1" failures="0" timestamp="2023-05-17T12:31:03 IST" time="179.260" errors="0">
  <testcase name="browserOpen" time="179.260" classname="com.tollplus.Learning.SimpleService"/>
  <system-out/>
</testsuite> <!-- com.tollplus.Learning.SimpleService -->
